<?xml version="1.0" encoding="UTF-8"?>
<testng-results ignored="0" total="1" passed="1" failed="0" skipped="0">
  <reporter-output>
  </reporter-output>
  <suite started-at="2023-09-09T18:29:41 IST" name="Default suite" finished-at="2023-09-09T18:30:20 IST" duration-ms="39174">
    <groups>
    </groups>
    <test started-at="2023-09-09T18:29:41 IST" name="Default test" finished-at="2023-09-09T18:30:20 IST" duration-ms="39174">
      <class name="com.test.report.utils.ExtParasoft">
        <test-method signature="verifyBlogTitle()[pri:0, instance:com.test.report.utils.ExtParasoft@272113c4]" started-at="2023-09-09T18:29:41 IST" name="verifyBlogTitle" finished-at="2023-09-09T18:30:18 IST" duration-ms="37221" status="PASS">
          <reporter-output>
          </reporter-output>
        </test-method> <!-- verifyBlogTitle -->
        <test-method is-config="true" signature="tearDown(org.testng.ITestResult)[pri:0, instance:com.test.report.utils.ExtParasoft@272113c4]" started-at="2023-09-09T18:30:18 IST" name="tearDown" finished-at="2023-09-09T18:30:20 IST" duration-ms="1890" status="PASS">
          <params>
            <param index="0">
              <value>
                <![CDATA[[TestResult name=verifyBlogTitle status=SUCCESS method=ExtParasoft.verifyBlogTitle()[pri:0, instance:com.test.report.utils.ExtParasoft@272113c4] output={null}]]]>
              </value>
            </param>
          </params>
          <reporter-output>
          </reporter-output>
        </test-method> <!-- tearDown -->
      </class> <!-- com.test.report.utils.ExtParasoft -->
    </test> <!-- Default test -->
  </suite> <!-- Default suite -->
</testng-results>
